0 info it worked if it ends with ok
1 verbose cli [ '/usr/local/bin/node',
1 verbose cli   '/usr/local/bin/npm',
1 verbose cli   'run',
1 verbose cli   'serve-admin' ]
2 info using npm@3.8.6
3 info using node@v5.11.0
4 verbose run-script [ 'preserve-admin', 'serve-admin', 'postserve-admin' ]
5 info lifecycle gmp-admin@1.0.0~preserve-admin: gmp-admin@1.0.0
6 silly lifecycle gmp-admin@1.0.0~preserve-admin: no script for preserve-admin, continuing
7 info lifecycle gmp-admin@1.0.0~serve-admin: gmp-admin@1.0.0
8 verbose lifecycle gmp-admin@1.0.0~serve-admin: unsafe-perm in lifecycle true
9 verbose lifecycle gmp-admin@1.0.0~serve-admin: PATH: /usr/local/lib/node_modules/npm/bin/node-gyp-bin:/Users/arpan/gmp-code/gmp-admin/node_modules/.bin:/usr/local/bin:/usr/local/bin:/usr/bin:/bin:/usr/sbin:/sbin
10 verbose lifecycle gmp-admin@1.0.0~serve-admin: CWD: /Users/arpan/gmp-code/gmp-admin
11 silly lifecycle gmp-admin@1.0.0~serve-admin: Args: [ '-c', 'webpack-dev-server --inline --hot' ]
12 silly lifecycle gmp-admin@1.0.0~serve-admin: Returned: code: 1  signal: null
13 info lifecycle gmp-admin@1.0.0~serve-admin: Failed to exec serve-admin script
14 verbose stack Error: gmp-admin@1.0.0 serve-admin: `webpack-dev-server --inline --hot`
14 verbose stack Exit status 1
14 verbose stack     at EventEmitter.<anonymous> (/usr/local/lib/node_modules/npm/lib/utils/lifecycle.js:239:16)
14 verbose stack     at emitTwo (events.js:100:13)
14 verbose stack     at EventEmitter.emit (events.js:185:7)
14 verbose stack     at ChildProcess.<anonymous> (/usr/local/lib/node_modules/npm/lib/utils/spawn.js:24:14)
14 verbose stack     at emitTwo (events.js:100:13)
14 verbose stack     at ChildProcess.emit (events.js:185:7)
14 verbose stack     at maybeClose (internal/child_process.js:850:16)
14 verbose stack     at Process.ChildProcess._handle.onexit (internal/child_process.js:215:5)
15 verbose pkgid gmp-admin@1.0.0
16 verbose cwd /Users/arpan/gmp-code/gmp-admin
17 error Darwin 15.5.0
18 error argv "/usr/local/bin/node" "/usr/local/bin/npm" "run" "serve-admin"
19 error node v5.11.0
20 error npm  v3.8.6
21 error code ELIFECYCLE
22 error gmp-admin@1.0.0 serve-admin: `webpack-dev-server --inline --hot`
22 error Exit status 1
23 error Failed at the gmp-admin@1.0.0 serve-admin script 'webpack-dev-server --inline --hot'.
23 error Make sure you have the latest version of node.js and npm installed.
23 error If you do, this is most likely a problem with the gmp-admin package,
23 error not with npm itself.
23 error Tell the author that this fails on your system:
23 error     webpack-dev-server --inline --hot
23 error You can get information on how to open an issue for this project with:
23 error     npm bugs gmp-admin
23 error Or if that isn't available, you can get their info via:
23 error     npm owner ls gmp-admin
23 error There is likely additional logging output above.
24 verbose exit [ 1, true ]
